<?xml version="1.0"?><coverage lines-covered="319" lines-valid="880" line-rate="0.3625" branches-covered="0" branches-valid="0" branch-rate="0" complexity="0" version="1.9" timestamp="1758167010"><sources><source>/workspace</source></sources><packages><package name="crates/chem-domain/src" line-rate="0.3063973063973064" branch-rate="0" complexity="0"><classes><class name="errors" filename="crates/chem-domain/src/errors.rs" line-rate="0" branch-rate="0" complexity="0"><methods/><lines><line number="19" hits="0"/><line number="20" hits="0"/><line number="26" hits="0"/><line number="27" hits="0"/></lines></class><class name="family_property" filename="crates/chem-domain/src/family_property.rs" line-rate="0.45454545454545453" branch-rate="0" complexity="0"><methods/><lines><line number="52" hits="2"/><line number="60" hits="3"/><line number="61" hits="2"/><line number="65" hits="2"/><line number="68" hits="2"/><line number="69" hits="2"/><line number="72" hits="1"/><line number="73" hits="3"/><line number="76" hits="1"/><line number="77" hits="2"/><line number="80" hits="1"/><line number="82" hits="3"/><line number="83" hits="0"/><line number="84" hits="1"/><line number="85" hits="2"/><line number="86" hits="1"/><line number="87" hits="0"/><line number="88" hits="1"/><line number="89" hits="1"/><line number="93" hits="0"/><line number="94" hits="0"/><line number="98" hits="0"/><line number="99" hits="0"/><line number="107" hits="0"/><line number="111" hits="0"/><line number="112" hits="0"/><line number="116" hits="1"/><line number="117" hits="1"/><line number="121" hits="1"/><line number="122" hits="1"/><line number="126" hits="0"/><line number="127" hits="0"/><line number="131" hits="0"/><line number="132" hits="0"/><line number="136" hits="0"/><line number="137" hits="0"/><line number="141" hits="0"/><line number="142" hits="0"/><line number="146" hits="0"/><line number="147" hits="0"/><line number="148" hits="0"/><line number="149" hits="0"/><line number="150" hits="0"/><line number="151" hits="0"/><line number="152" hits="0"/><line number="156" hits="0"/><line number="157" hits="0"/><line number="158" hits="0"/><line number="159" hits="0"/><line number="160" hits="0"/><line number="161" hits="0"/><line number="162" hits="0"/><line number="166" hits="0"/><line number="167" hits="0"/><line number="168" hits="0"/><line number="169" hits="0"/><line number="170" hits="0"/><line number="171" hits="0"/><line number="172" hits="0"/><line number="176" hits="1"/><line number="177" hits="1"/><line number="181" hits="1"/><line number="182" hits="1"/><line number="183" hits="1"/><line number="184" hits="1"/><line number="186" hits="1"/><line number="187" hits="2"/><line number="189" hits="1"/><line number="190" hits="0"/><line number="191" hits="2"/><line number="193" hits="1"/><line number="195" hits="2"/><line number="204" hits="0"/><line number="205" hits="0"/><line number="207" hits="0"/><line number="216" hits="1"/><line number="217" hits="1"/></lines></class><class name="molecular_property" filename="crates/chem-domain/src/molecular_property.rs" line-rate="0" branch-rate="0" complexity="0"><methods/><lines><line number="43" hits="0"/><line number="44" hits="0"/><line number="48" hits="0"/><line number="51" hits="0"/><line number="52" hits="0"/><line number="55" hits="0"/><line number="56" hits="0"/><line number="57" hits="0"/><line number="59" hits="0"/><line number="62" hits="0"/><line number="63" hits="0"/><line number="64" hits="0"/><line number="66" hits="0"/><line number="68" hits="0"/><line number="69" hits="0"/><line number="70" hits="0"/><line number="71" hits="0"/><line number="72" hits="0"/><line number="73" hits="0"/><line number="74" hits="0"/><line number="75" hits="0"/><line number="76" hits="0"/><line number="80" hits="0"/><line number="81" hits="0"/><line number="85" hits="0"/><line number="86" hits="0"/><line number="90" hits="0"/><line number="91" hits="0"/><line number="95" hits="0"/><line number="96" hits="0"/><line number="100" hits="0"/><line number="101" hits="0"/><line number="105" hits="0"/><line number="106" hits="0"/><line number="110" hits="0"/><line number="111" hits="0"/><line number="115" hits="0"/><line number="116" hits="0"/><line number="120" hits="0"/><line number="121" hits="0"/><line number="122" hits="0"/><line number="123" hits="0"/><line number="124" hits="0"/><line number="125" hits="0"/><line number="126" hits="0"/><line number="130" hits="0"/><line number="131" hits="0"/><line number="132" hits="0"/><line number="133" hits="0"/><line number="134" hits="0"/><line number="135" hits="0"/><line number="136" hits="0"/><line number="140" hits="0"/><line number="141" hits="0"/><line number="142" hits="0"/><line number="143" hits="0"/><line number="144" hits="0"/><line number="145" hits="0"/><line number="146" hits="0"/><line number="150" hits="0"/><line number="151" hits="0"/><line number="154" hits="0"/><line number="155" hits="0"/><line number="156" hits="0"/><line number="157" hits="0"/><line number="158" hits="0"/><line number="159" hits="0"/><line number="160" hits="0"/><line number="162" hits="0"/><line number="164" hits="0"/><line number="165" hits="0"/><line number="166" hits="0"/><line number="167" hits="0"/><line number="169" hits="0"/><line number="171" hits="0"/><line number="173" hits="0"/><line number="181" hits="0"/><line number="182" hits="0"/><line number="184" hits="0"/><line number="193" hits="0"/><line number="194" hits="0"/></lines></class><class name="molecule" filename="crates/chem-domain/src/molecule.rs" line-rate="0.5918367346938775" branch-rate="0" complexity="0"><methods/><lines><line number="10" hits="1"/><line number="11" hits="1"/><line number="29" hits="5"/><line number="31" hits="10"/><line number="34" hits="10"/><line number="35" hits="0"/><line number="39" hits="10"/><line number="40" hits="0"/><line number="44" hits="10"/><line number="45" hits="10"/><line number="46" hits="0"/><line number="50" hits="20"/><line number="51" hits="15"/><line number="52" hits="15"/><line number="54" hits="0"/><line number="58" hits="10"/><line number="59" hits="0"/><line number="63" hits="10"/><line number="64" hits="0"/><line number="67" hits="10"/><line number="68" hits="5"/><line number="69" hits="5"/><line number="70" hits="0"/><line number="76" hits="0"/><line number="77" hits="0"/><line number="80" hits="5"/><line number="82" hits="5"/><line number="83" hits="0"/><line number="86" hits="10"/><line number="87" hits="5"/><line number="90" hits="10"/><line number="91" hits="5"/><line number="94" hits="10"/><line number="95" hits="5"/><line number="96" hits="5"/><line number="97" hits="10"/><line number="100" hits="10"/><line number="105" hits="0"/><line number="106" hits="0"/><line number="110" hits="2"/><line number="111" hits="3"/><line number="115" hits="0"/><line number="116" hits="0"/><line number="120" hits="0"/><line number="121" hits="0"/><line number="125" hits="0"/><line number="126" hits="0"/><line number="132" hits="0"/><line number="133" hits="0"/></lines></class><class name="molecule_family" filename="crates/chem-domain/src/molecule_family.rs" line-rate="0.313953488372093" branch-rate="0" complexity="0"><methods/><lines><line number="41" hits="1"/><line number="44" hits="2"/><line number="46" hits="2"/><line number="47" hits="2"/><line number="50" hits="3"/><line number="51" hits="5"/><line number="52" hits="5"/><line number="53" hits="1"/><line number="57" hits="3"/><line number="58" hits="2"/><line number="59" hits="3"/><line number="60" hits="1"/><line number="61" hits="3"/><line number="62" hits="1"/><line number="64" hits="3"/><line number="68" hits="1"/><line number="69" hits="3"/><line number="72" hits="4"/><line number="73" hits="1"/><line number="76" hits="3"/><line number="80" hits="0"/><line number="81" hits="0"/><line number="82" hits="0"/><line number="84" hits="0"/><line number="88" hits="0"/><line number="89" hits="0"/><line number="90" hits="0"/><line number="92" hits="0"/><line number="100" hits="0"/><line number="102" hits="0"/><line number="103" hits="0"/><line number="107" hits="0"/><line number="108" hits="0"/><line number="111" hits="0"/><line number="113" hits="0"/><line number="114" hits="0"/><line number="115" hits="0"/><line number="116" hits="0"/><line number="117" hits="0"/><line number="119" hits="0"/><line number="127" hits="0"/><line number="129" hits="0"/><line number="132" hits="0"/><line number="133" hits="0"/><line number="137" hits="0"/><line number="139" hits="0"/><line number="140" hits="0"/><line number="141" hits="0"/><line number="142" hits="0"/><line number="143" hits="0"/><line number="145" hits="0"/><line number="149" hits="1"/><line number="150" hits="1"/><line number="151" hits="1"/><line number="156" hits="1"/><line number="157" hits="1"/><line number="161" hits="0"/><line number="162" hits="0"/><line number="166" hits="0"/><line number="167" hits="0"/><line number="171" hits="0"/><line number="172" hits="0"/><line number="176" hits="1"/><line number="177" hits="2"/><line number="181" hits="0"/><line number="182" hits="0"/><line number="186" hits="0"/><line number="187" hits="0"/><line number="191" hits="0"/><line number="192" hits="0"/><line number="196" hits="0"/><line number="197" hits="0"/><line number="201" hits="0"/><line number="202" hits="0"/><line number="206" hits="0"/><line number="207" hits="0"/><line number="216" hits="0"/><line number="217" hits="0"/><line number="226" hits="0"/><line number="227" hits="0"/><line number="233" hits="0"/><line number="234" hits="0"/><line number="237" hits="0"/><line number="238" hits="0"/><line number="244" hits="0"/><line number="245" hits="0"/></lines></class></classes></package><package name="crates/chem-persistence/tests" line-rate="0" branch-rate="0" complexity="0"><classes></classes></package><package name="crates/chem-providers/src" line-rate="0.92" branch-rate="0" complexity="0"><classes><class name="core" filename="crates/chem-providers/src/core.rs" line-rate="0.8947368421052632" branch-rate="0" complexity="0"><methods/><lines><line number="9" hits="2"/><line number="10" hits="4"/><line number="11" hits="2"/><line number="12" hits="4"/><line number="14" hits="4"/><line number="15" hits="2"/><line number="19" hits="2"/><line number="20" hits="6"/><line number="21" hits="0"/><line number="44" hits="6"/><line number="45" hits="8"/><line number="46" hits="2"/><line number="47" hits="4"/><line number="48" hits="2"/><line number="49" hits="2"/><line number="50" hits="2"/><line number="51" hits="2"/><line number="52" hits="0"/><line number="55" hits="2"/></lines></class><class name="lib" filename="crates/chem-providers/src/lib.rs" line-rate="1" branch-rate="0" complexity="0"><methods/><lines><line number="20" hits="1"/><line number="21" hits="1"/><line number="22" hits="1"/><line number="24" hits="5"/><line number="25" hits="5"/><line number="26" hits="5"/></lines></class></classes></package><package name="crates/flow/examples" line-rate="0" branch-rate="0" complexity="0"><classes></classes></package><package name="examples" line-rate="0" branch-rate="0" complexity="0"><classes></classes></package><package name="src" line-rate="0.5" branch-rate="0" complexity="0"><classes><class name="main" filename="src/main.rs" line-rate="0.5" branch-rate="0" complexity="0"><methods/><lines><line number="1" hits="1"/><line number="2" hits="0"/></lines></class></classes></package><package name="crates/chem-persistence/src" line-rate="0" branch-rate="0" complexity="0"><classes><class name="lib" filename="crates/chem-persistence/src/lib.rs" line-rate="0" branch-rate="0" complexity="0"><methods/><lines><line number="96" hits="0"/><line number="97" hits="0"/><line number="98" hits="0"/><line number="99" hits="0"/><line number="101" hits="0"/><line number="104" hits="0"/><line number="107" hits="0"/><line number="108" hits="0"/><line number="109" hits="0"/><line number="110" hits="0"/><line number="111" hits="0"/><line number="112" hits="0"/><line number="113" hits="0"/><line number="117" hits="0"/><line number="121" hits="0"/><line number="122" hits="0"/><line number="125" hits="0"/><line number="126" hits="0"/><line number="128" hits="0"/><line number="129" hits="0"/><line number="130" hits="0"/><line number="161" hits="0"/><line number="162" hits="0"/><line number="163" hits="0"/><line number="164" hits="0"/><line number="165" hits="0"/><line number="213" hits="0"/><line number="214" hits="0"/><line number="218" hits="0"/><line number="220" hits="0"/><line number="221" hits="0"/><line number="222" hits="0"/><line number="223" hits="0"/><line number="224" hits="0"/><line number="225" hits="0"/><line number="226" hits="0"/><line number="227" hits="0"/><line number="228" hits="0"/><line number="229" hits="0"/><line number="230" hits="0"/><line number="231" hits="0"/><line number="232" hits="0"/><line number="235" hits="0"/><line number="236" hits="0"/><line number="238" hits="0"/><line number="239" hits="0"/><line number="240" hits="0"/><line number="241" hits="0"/><line number="242" hits="0"/><line number="243" hits="0"/><line number="244" hits="0"/><line number="245" hits="0"/><line number="246" hits="0"/><line number="247" hits="0"/><line number="248" hits="0"/><line number="249" hits="0"/><line number="250" hits="0"/><line number="253" hits="0"/><line number="254" hits="0"/><line number="255" hits="0"/><line number="256" hits="0"/><line number="257" hits="0"/><line number="258" hits="0"/><line number="259" hits="0"/><line number="260" hits="0"/><line number="261" hits="0"/><line number="262" hits="0"/><line number="263" hits="0"/><line number="265" hits="0"/><line number="268" hits="0"/><line number="269" hits="0"/><line number="270" hits="0"/><line number="271" hits="0"/><line number="272" hits="0"/><line number="273" hits="0"/><line number="283" hits="0"/><line number="284" hits="0"/><line number="287" hits="0"/><line number="289" hits="0"/><line number="292" hits="0"/><line number="293" hits="0"/><line number="294" hits="0"/><line number="295" hits="0"/><line number="296" hits="0"/><line number="298" hits="0"/><line number="299" hits="0"/><line number="300" hits="0"/><line number="301" hits="0"/><line number="303" hits="0"/><line number="304" hits="0"/><line number="305" hits="0"/><line number="309" hits="0"/><line number="310" hits="0"/><line number="311" hits="0"/><line number="312" hits="0"/><line number="313" hits="0"/><line number="314" hits="0"/><line number="315" hits="0"/><line number="316" hits="0"/><line number="317" hits="0"/><line number="318" hits="0"/><line number="319" hits="0"/><line number="320" hits="0"/><line number="321" hits="0"/><line number="322" hits="0"/><line number="323" hits="0"/><line number="324" hits="0"/><line number="326" hits="0"/><line number="328" hits="0"/><line number="331" hits="0"/><line number="333" hits="0"/><line number="334" hits="0"/><line number="335" hits="0"/><line number="336" hits="0"/><line number="337" hits="0"/><line number="339" hits="0"/><line number="340" hits="0"/><line number="341" hits="0"/><line number="342" hits="0"/><line number="343" hits="0"/><line number="344" hits="0"/><line number="345" hits="0"/><line number="346" hits="0"/><line number="347" hits="0"/><line number="349" hits="0"/><line number="353" hits="0"/><line number="355" hits="0"/><line number="356" hits="0"/><line number="357" hits="0"/><line number="358" hits="0"/><line number="359" hits="0"/><line number="361" hits="0"/><line number="362" hits="0"/><line number="363" hits="0"/><line number="364" hits="0"/><line number="365" hits="0"/><line number="366" hits="0"/><line number="367" hits="0"/><line number="368" hits="0"/><line number="371" hits="0"/><line number="378" hits="0"/><line number="379" hits="0"/><line number="380" hits="0"/><line number="381" hits="0"/><line number="382" hits="0"/><line number="384" hits="0"/><line number="385" hits="0"/><line number="387" hits="0"/><line number="388" hits="0"/><line number="389" hits="0"/><line number="390" hits="0"/><line number="393" hits="0"/><line number="400" hits="0"/><line number="401" hits="0"/><line number="402" hits="0"/><line number="403" hits="0"/><line number="404" hits="0"/><line number="406" hits="0"/><line number="407" hits="0"/><line number="408" hits="0"/><line number="409" hits="0"/><line number="411" hits="0"/><line number="412" hits="0"/><line number="413" hits="0"/><line number="419" hits="0"/><line number="420" hits="0"/><line number="421" hits="0"/><line number="422" hits="0"/><line number="423" hits="0"/><line number="425" hits="0"/><line number="427" hits="0"/><line number="428" hits="0"/><line number="429" hits="0"/><line number="430" hits="0"/><line number="433" hits="0"/><line number="434" hits="0"/><line number="435" hits="0"/><line number="436" hits="0"/><line number="437" hits="0"/><line number="438" hits="0"/><line number="439" hits="0"/><line number="440" hits="0"/><line number="441" hits="0"/><line number="442" hits="0"/><line number="446" hits="0"/><line number="447" hits="0"/><line number="448" hits="0"/><line number="449" hits="0"/><line number="450" hits="0"/><line number="451" hits="0"/><line number="452" hits="0"/><line number="453" hits="0"/><line number="455" hits="0"/><line number="457" hits="0"/><line number="460" hits="0"/><line number="461" hits="0"/><line number="462" hits="0"/><line number="463" hits="0"/><line number="464" hits="0"/><line number="467" hits="0"/><line number="469" hits="0"/><line number="470" hits="0"/><line number="471" hits="0"/><line number="472" hits="0"/><line number="473" hits="0"/><line number="475" hits="0"/><line number="476" hits="0"/><line number="479" hits="0"/><line number="482" hits="0"/><line number="483" hits="0"/><line number="485" hits="0"/><line number="486" hits="0"/><line number="488" hits="0"/><line number="489" hits="0"/><line number="490" hits="0"/><line number="491" hits="0"/><line number="492" hits="0"/><line number="493" hits="0"/><line number="494" hits="0"/><line number="495" hits="0"/><line number="496" hits="0"/><line number="497" hits="0"/><line number="498" hits="0"/><line number="501" hits="0"/><line number="502" hits="0"/><line number="503" hits="0"/><line number="504" hits="0"/><line number="505" hits="0"/><line number="506" hits="0"/><line number="507" hits="0"/><line number="510" hits="0"/><line number="512" hits="0"/><line number="513" hits="0"/><line number="514" hits="0"/><line number="515" hits="0"/><line number="516" hits="0"/><line number="517" hits="0"/><line number="520" hits="0"/><line number="523" hits="0"/><line number="524" hits="0"/><line number="525" hits="0"/><line number="526" hits="0"/><line number="528" hits="0"/><line number="530" hits="0"/><line number="535" hits="0"/><line number="536" hits="0"/><line number="537" hits="0"/><line number="540" hits="0"/><line number="541" hits="0"/><line number="542" hits="0"/><line number="544" hits="0"/><line number="545" hits="0"/><line number="547" hits="0"/><line number="548" hits="0"/><line number="550" hits="0"/><line number="551" hits="0"/><line number="556" hits="0"/><line number="557" hits="0"/><line number="559" hits="0"/><line number="560" hits="0"/><line number="564" hits="0"/><line number="565" hits="0"/><line number="567" hits="0"/><line number="568" hits="0"/><line number="570" hits="0"/><line number="571" hits="0"/></lines></class><class name="schema" filename="crates/chem-persistence/src/schema.rs" line-rate="0" branch-rate="0" complexity="0"><methods/><lines><line number="6" hits="0"/><line number="8" hits="0"/><line number="9" hits="0"/><line number="10" hits="0"/><line number="11" hits="0"/><line number="12" hits="0"/><line number="13" hits="0"/><line number="14" hits="0"/><line number="15" hits="0"/><line number="16" hits="0"/><line number="17" hits="0"/><line number="21" hits="0"/><line number="23" hits="0"/><line number="24" hits="0"/><line number="25" hits="0"/><line number="26" hits="0"/><line number="27" hits="0"/><line number="28" hits="0"/><line number="29" hits="0"/><line number="30" hits="0"/><line number="34" hits="0"/><line number="36" hits="0"/><line number="37" hits="0"/><line number="38" hits="0"/><line number="39" hits="0"/><line number="40" hits="0"/><line number="41" hits="0"/></lines></class></classes></package><package name="crates/chem-persistence/examples" line-rate="0" branch-rate="0" complexity="0"><classes></classes></package><package name="crates/flow/src" line-rate="0.7756653992395437" branch-rate="0" complexity="0"><classes><class name="engine" filename="crates/flow/src/engine.rs" line-rate="0.8444444444444444" branch-rate="0" complexity="0"><methods/><lines><line number="56" hits="4"/><line number="58" hits="0"/><line number="59" hits="8"/><line number="60" hits="4"/><line number="61" hits="0"/><line number="68" hits="1"/><line number="73" hits="1"/><line number="74" hits="2"/><line number="76" hits="1"/><line number="77" hits="2"/><line number="79" hits="0"/><line number="81" hits="0"/><line number="82" hits="0"/><line number="85" hits="2"/><line number="87" hits="1"/><line number="88" hits="2"/><line number="89" hits="1"/><line number="91" hits="1"/><line number="112" hits="3"/><line number="121" hits="6"/><line number="122" hits="4"/><line number="124" hits="8"/><line number="127" hits="4"/><line number="131" hits="4"/><line number="133" hits="4"/><line number="138" hits="4"/><line number="139" hits="8"/><line number="144" hits="0"/><line number="145" hits="0"/><line number="149" hits="1"/><line number="150" hits="1"/><line number="154" hits="1"/><line number="155" hits="1"/><line number="159" hits="1"/><line number="160" hits="1"/><line number="164" hits="1"/><line number="165" hits="1"/><line number="170" hits="2"/><line number="171" hits="2"/><line number="175" hits="1"/><line number="176" hits="2"/><line number="183" hits="1"/><line number="190" hits="2"/><line number="194" hits="4"/><line number="195" hits="4"/></lines></class><class name="stubs" filename="crates/flow/src/stubs.rs" line-rate="0.7614678899082569" branch-rate="0" complexity="0"><methods/><lines><line number="34" hits="1"/><line number="35" hits="1"/><line number="42" hits="1"/><line number="43" hits="2"/><line number="47" hits="1"/><line number="48" hits="2"/><line number="53" hits="0"/><line number="54" hits="0"/><line number="68" hits="1"/><line number="69" hits="1"/><line number="76" hits="1"/><line number="77" hits="1"/><line number="79" hits="1"/><line number="80" hits="0"/><line number="87" hits="1"/><line number="88" hits="1"/><line number="90" hits="1"/><line number="91" hits="0"/><line number="95" hits="1"/><line number="96" hits="2"/><line number="97" hits="1"/><line number="98" hits="1"/><line number="99" hits="1"/><line number="100" hits="1"/><line number="105" hits="0"/><line number="106" hits="0"/><line number="122" hits="8"/><line number="123" hits="16"/><line number="124" hits="16"/><line number="125" hits="8"/><line number="133" hits="14"/><line number="134" hits="14"/><line number="139" hits="0"/><line number="140" hits="0"/><line number="148" hits="3"/><line number="149" hits="3"/><line number="150" hits="11"/><line number="152" hits="8"/><line number="160" hits="7"/><line number="162" hits="7"/><line number="167" hits="7"/><line number="173" hits="14"/><line number="174" hits="7"/><line number="181" hits="1"/><line number="183" hits="1"/><line number="184" hits="3"/><line number="185" hits="3"/><line number="186" hits="3"/><line number="187" hits="1"/><line number="194" hits="0"/><line number="195" hits="0"/><line number="196" hits="0"/><line number="198" hits="0"/><line number="199" hits="0"/><line number="206" hits="3"/><line number="207" hits="3"/><line number="208" hits="9"/><line number="209" hits="3"/><line number="210" hits="3"/><line number="211" hits="3"/><line number="212" hits="9"/><line number="213" hits="3"/><line number="227" hits="7"/><line number="228" hits="7"/><line number="229" hits="13"/><line number="230" hits="14"/><line number="232" hits="7"/><line number="233" hits="1"/><line number="237" hits="8"/><line number="238" hits="2"/><line number="239" hits="3"/><line number="241" hits="1"/><line number="247" hits="6"/><line number="248" hits="0"/><line number="253" hits="12"/><line number="254" hits="7"/><line number="255" hits="7"/><line number="256" hits="7"/><line number="258" hits="7"/><line number="265" hits="1"/><line number="266" hits="1"/><line number="268" hits="1"/><line number="270" hits="1"/><line number="272" hits="1"/><line number="273" hits="2"/><line number="274" hits="1"/><line number="286" hits="4"/><line number="293" hits="3"/><line number="297" hits="4"/><line number="298" hits="8"/><line number="301" hits="7"/><line number="302" hits="3"/><line number="303" hits="2"/><line number="304" hits="3"/><line number="305" hits="2"/><line number="306" hits="3"/><line number="308" hits="8"/><line number="309" hits="2"/><line number="311" hits="6"/><line number="312" hits="1"/><line number="314" hits="5"/><line number="315" hits="0"/><line number="317" hits="2"/><line number="320" hits="0"/><line number="321" hits="0"/><line number="323" hits="0"/><line number="326" hits="0"/><line number="327" hits="0"/><line number="332" hits="8"/><line number="335" hits="4"/><line number="336" hits="5"/><line number="337" hits="2"/><line number="338" hits="9"/><line number="339" hits="5"/><line number="340" hits="5"/><line number="341" hits="2"/><line number="342" hits="2"/><line number="345" hits="5"/><line number="346" hits="2"/><line number="349" hits="0"/><line number="354" hits="4"/><line number="356" hits="3"/><line number="357" hits="2"/><line number="358" hits="7"/><line number="359" hits="7"/><line number="361" hits="2"/><line number="363" hits="5"/><line number="365" hits="2"/><line number="370" hits="0"/><line number="372" hits="0"/><line number="373" hits="0"/><line number="374" hits="0"/><line number="376" hits="0"/><line number="382" hits="0"/><line number="383" hits="0"/><line number="387" hits="0"/><line number="388" hits="0"/><line number="389" hits="0"/><line number="391" hits="0"/><line number="392" hits="0"/><line number="393" hits="0"/><line number="394" hits="0"/><line number="395" hits="0"/><line number="396" hits="0"/><line number="399" hits="0"/><line number="403" hits="3"/><line number="404" hits="3"/><line number="405" hits="4"/><line number="409" hits="0"/><line number="410" hits="0"/><line number="411" hits="0"/><line number="415" hits="0"/><line number="416" hits="0"/><line number="417" hits="0"/><line number="418" hits="0"/><line number="419" hits="0"/><line number="420" hits="0"/><line number="427" hits="2"/><line number="428" hits="2"/><line number="429" hits="4"/><line number="430" hits="1"/><line number="435" hits="8"/><line number="436" hits="2"/><line number="437" hits="6"/><line number="438" hits="10"/><line number="440" hits="2"/><line number="444" hits="0"/><line number="445" hits="0"/><line number="446" hits="0"/><line number="456" hits="2"/><line number="459" hits="2"/><line number="460" hits="4"/><line number="461" hits="0"/><line number="466" hits="2"/><line number="467" hits="4"/><line number="468" hits="4"/><line number="470" hits="5"/><line number="471" hits="2"/><line number="472" hits="2"/><line number="473" hits="5"/><line number="474" hits="0"/><line number="479" hits="2"/><line number="480" hits="4"/><line number="481" hits="4"/><line number="482" hits="2"/><line number="483" hits="2"/><line number="488" hits="2"/><line number="498" hits="2"/><line number="500" hits="2"/><line number="501" hits="8"/><line number="503" hits="4"/><line number="504" hits="2"/><line number="507" hits="2"/><line number="508" hits="4"/><line number="509" hits="8"/><line number="511" hits="2"/><line number="514" hits="2"/><line number="515" hits="4"/><line number="516" hits="4"/><line number="517" hits="3"/><line number="518" hits="1"/><line number="519" hits="1"/><line number="520" hits="1"/><line number="521" hits="1"/><line number="527" hits="2"/><line number="529" hits="2"/><line number="531" hits="2"/><line number="534" hits="2"/><line number="539" hits="1"/><line number="540" hits="1"/><line number="543" hits="1"/><line number="544" hits="1"/><line number="550" hits="1"/><line number="551" hits="1"/><line number="554" hits="1"/><line number="555" hits="1"/><line number="559" hits="1"/><line number="560" hits="1"/></lines></class></classes></package><package name="crates/flow/tests" line-rate="0" branch-rate="0" complexity="0"><classes></classes></package></packages></coverage>