TN:
SF:/workspace/crates/chem-domain/src/errors.rs
FN:26,<impl From for DomainError>::from
FNF:1
FNDA:0,<impl From for DomainError>::from
DA:19,0
DA:20,0
DA:26,0
DA:27,0
LF:4
LH:0
end_of_record
TN:
SF:/workspace/crates/chem-domain/src/family_property.rs
FN:52,FamilyProperty<'a,ValueType,TypeMeta>::new
FN:93,FamilyProperty<'a,ValueType,TypeMeta>::id
FN:98,FamilyProperty<'a,ValueType,TypeMeta>::family_id
FN:107,FamilyProperty<'a,ValueType,TypeMeta>::quick_new
FN:111,FamilyProperty<'a,ValueType,TypeMeta>::family
FN:116,FamilyProperty<'a,ValueType,TypeMeta>::property_type
FN:121,FamilyProperty<'a,ValueType,TypeMeta>::value
FN:126,FamilyProperty<'a,ValueType,TypeMeta>::quality
FN:131,FamilyProperty<'a,ValueType,TypeMeta>::preferred
FN:136,FamilyProperty<'a,ValueType,TypeMeta>::metadata
FN:141,FamilyProperty<'a,ValueType,TypeMeta>::value_hash
FN:146,FamilyProperty<'a,ValueType,TypeMeta>::with_quality
FN:156,FamilyProperty<'a,ValueType,TypeMeta>::with_metadata
FN:166,FamilyProperty<'a,ValueType,TypeMeta>::with_preferred
FN:176,FamilyProperty<'a,ValueType,TypeMeta>::is_equivalent
FN:181,FamilyProperty<'a,ValueType,TypeMeta>::verify_integrity
FN:204,<impl Display for FamilyProperty<'a,ValueType,TypeMeta>>::fmt
FN:216,<impl PartialEq for FamilyProperty<'a,ValueType,TypeMeta>>::eq
FNF:18
FNDA:2,FamilyProperty<'a,ValueType,TypeMeta>::new
FNDA:0,FamilyProperty<'a,ValueType,TypeMeta>::id
FNDA:0,FamilyProperty<'a,ValueType,TypeMeta>::family_id
FNDA:0,FamilyProperty<'a,ValueType,TypeMeta>::quick_new
FNDA:0,FamilyProperty<'a,ValueType,TypeMeta>::family
FNDA:1,FamilyProperty<'a,ValueType,TypeMeta>::property_type
FNDA:1,FamilyProperty<'a,ValueType,TypeMeta>::value
FNDA:0,FamilyProperty<'a,ValueType,TypeMeta>::quality
FNDA:0,FamilyProperty<'a,ValueType,TypeMeta>::preferred
FNDA:0,FamilyProperty<'a,ValueType,TypeMeta>::metadata
FNDA:0,FamilyProperty<'a,ValueType,TypeMeta>::value_hash
FNDA:0,FamilyProperty<'a,ValueType,TypeMeta>::with_quality
FNDA:0,FamilyProperty<'a,ValueType,TypeMeta>::with_metadata
FNDA:0,FamilyProperty<'a,ValueType,TypeMeta>::with_preferred
FNDA:1,FamilyProperty<'a,ValueType,TypeMeta>::is_equivalent
FNDA:1,FamilyProperty<'a,ValueType,TypeMeta>::verify_integrity
FNDA:0,<impl Display for FamilyProperty<'a,ValueType,TypeMeta>>::fmt
FNDA:1,<impl PartialEq for FamilyProperty<'a,ValueType,TypeMeta>>::eq
DA:52,2
DA:60,3
DA:61,2
DA:65,2
DA:68,2
DA:69,2
DA:72,1
DA:73,3
DA:76,1
DA:77,2
DA:80,1
DA:82,3
DA:83,0
DA:84,1
DA:85,2
DA:86,1
DA:87,0
DA:88,1
DA:89,1
DA:93,0
DA:94,0
DA:98,0
DA:99,0
DA:107,0
DA:111,0
DA:112,0
DA:116,1
DA:117,1
DA:121,1
DA:122,1
DA:126,0
DA:127,0
DA:131,0
DA:132,0
DA:136,0
DA:137,0
DA:141,0
DA:142,0
DA:146,0
DA:147,0
DA:148,0
DA:149,0
DA:150,0
DA:151,0
DA:152,0
DA:156,0
DA:157,0
DA:158,0
DA:159,0
DA:160,0
DA:161,0
DA:162,0
DA:166,0
DA:167,0
DA:168,0
DA:169,0
DA:170,0
DA:171,0
DA:172,0
DA:176,1
DA:177,1
DA:181,1
DA:182,1
DA:183,1
DA:184,1
DA:186,1
DA:187,2
DA:189,1
DA:190,0
DA:191,2
DA:193,1
DA:195,2
DA:204,0
DA:205,0
DA:207,0
DA:216,1
DA:217,1
LF:77
LH:35
end_of_record
TN:
SF:/workspace/crates/chem-domain/src/molecular_property.rs
FN:43,MolecularProperty<'a,TypeValue,TypeMetaData>::new
FN:80,MolecularProperty<'a,TypeValue,TypeMetaData>::value_hash
FN:85,MolecularProperty<'a,TypeValue,TypeMetaData>::id
FN:90,MolecularProperty<'a,TypeValue,TypeMetaData>::molecule
FN:95,MolecularProperty<'a,TypeValue,TypeMetaData>::property_type
FN:100,MolecularProperty<'a,TypeValue,TypeMetaData>::value
FN:105,MolecularProperty<'a,TypeValue,TypeMetaData>::quality
FN:110,MolecularProperty<'a,TypeValue,TypeMetaData>::preferred
FN:115,MolecularProperty<'a,TypeValue,TypeMetaData>::metadata
FN:120,MolecularProperty<'a,TypeValue,TypeMetaData>::with_quality
FN:130,MolecularProperty<'a,TypeValue,TypeMetaData>::with_metadata
FN:140,MolecularProperty<'a,TypeValue,TypeMetaData>::with_preferred
FN:150,MolecularProperty<'a,TypeValue,TypeMetaData>::is_equivalent
FN:154,MolecularProperty<'a,TypeValue,TypeMetaData>::verify_integrity
FN:181,<impl Display for MolecularProperty<'a,TypeValue,TypeMetaData>>::fmt
FN:193,<impl PartialEq for MolecularProperty<'a,TypeValue,TypeMetaData>>::eq
FNF:16
FNDA:0,MolecularProperty<'a,TypeValue,TypeMetaData>::new
FNDA:0,MolecularProperty<'a,TypeValue,TypeMetaData>::value_hash
FNDA:0,MolecularProperty<'a,TypeValue,TypeMetaData>::id
FNDA:0,MolecularProperty<'a,TypeValue,TypeMetaData>::molecule
FNDA:0,MolecularProperty<'a,TypeValue,TypeMetaData>::property_type
FNDA:0,MolecularProperty<'a,TypeValue,TypeMetaData>::value
FNDA:0,MolecularProperty<'a,TypeValue,TypeMetaData>::quality
FNDA:0,MolecularProperty<'a,TypeValue,TypeMetaData>::preferred
FNDA:0,MolecularProperty<'a,TypeValue,TypeMetaData>::metadata
FNDA:0,MolecularProperty<'a,TypeValue,TypeMetaData>::with_quality
FNDA:0,MolecularProperty<'a,TypeValue,TypeMetaData>::with_metadata
FNDA:0,MolecularProperty<'a,TypeValue,TypeMetaData>::with_preferred
FNDA:0,MolecularProperty<'a,TypeValue,TypeMetaData>::is_equivalent
FNDA:0,MolecularProperty<'a,TypeValue,TypeMetaData>::verify_integrity
FNDA:0,<impl Display for MolecularProperty<'a,TypeValue,TypeMetaData>>::fmt
FNDA:0,<impl PartialEq for MolecularProperty<'a,TypeValue,TypeMetaData>>::eq
DA:43,0
DA:44,0
DA:48,0
DA:51,0
DA:52,0
DA:55,0
DA:56,0
DA:57,0
DA:59,0
DA:62,0
DA:63,0
DA:64,0
DA:66,0
DA:68,0
DA:69,0
DA:70,0
DA:71,0
DA:72,0
DA:73,0
DA:74,0
DA:75,0
DA:76,0
DA:80,0
DA:81,0
DA:85,0
DA:86,0
DA:90,0
DA:91,0
DA:95,0
DA:96,0
DA:100,0
DA:101,0
DA:105,0
DA:106,0
DA:110,0
DA:111,0
DA:115,0
DA:116,0
DA:120,0
DA:121,0
DA:122,0
DA:123,0
DA:124,0
DA:125,0
DA:126,0
DA:130,0
DA:131,0
DA:132,0
DA:133,0
DA:134,0
DA:135,0
DA:136,0
DA:140,0
DA:141,0
DA:142,0
DA:143,0
DA:144,0
DA:145,0
DA:146,0
DA:150,0
DA:151,0
DA:154,0
DA:155,0
DA:156,0
DA:157,0
DA:158,0
DA:159,0
DA:160,0
DA:162,0
DA:164,0
DA:165,0
DA:166,0
DA:167,0
DA:169,0
DA:171,0
DA:173,0
DA:181,0
DA:182,0
DA:184,0
DA:193,0
DA:194,0
LF:81
LH:0
end_of_record
TN:
SF:/workspace/crates/chem-domain/src/molecule.rs
FN:29,Molecule::new
FN:76,Molecule::from_parts
FN:80,Molecule::from_smiles
FN:105,Molecule::smiles
FN:110,Molecule::inchikey
FN:115,Molecule::inchi
FN:120,Molecule::metadata
FN:125,Molecule::is_same
FN:132,<impl Display for Molecule>::fmt
FNF:9
FNDA:5,Molecule::new
FNDA:0,Molecule::from_parts
FNDA:5,Molecule::from_smiles
FNDA:0,Molecule::smiles
FNDA:2,Molecule::inchikey
FNDA:0,Molecule::inchi
FNDA:0,Molecule::metadata
FNDA:0,Molecule::is_same
FNDA:0,<impl Display for Molecule>::fmt
DA:10,1
DA:11,1
DA:29,5
DA:31,10
DA:34,10
DA:35,0
DA:39,10
DA:40,0
DA:44,10
DA:45,10
DA:46,0
DA:50,20
DA:51,15
DA:52,15
DA:54,0
DA:58,10
DA:59,0
DA:63,10
DA:64,0
DA:67,10
DA:68,5
DA:69,5
DA:70,0
DA:76,0
DA:77,0
DA:80,5
DA:82,5
DA:83,0
DA:86,10
DA:87,5
DA:90,10
DA:91,5
DA:94,10
DA:95,5
DA:96,5
DA:97,10
DA:100,10
DA:105,0
DA:106,0
DA:110,2
DA:111,3
DA:115,0
DA:116,0
DA:120,0
DA:121,0
DA:125,0
DA:126,0
DA:132,0
DA:133,0
LF:49
LH:29
end_of_record
TN:
SF:/workspace/crates/chem-domain/src/molecule_family.rs
FN:41,MoleculeFamily::new
FN:68,MoleculeFamily::calculate_family_hash
FN:80,MoleculeFamily::with_name
FN:88,MoleculeFamily::with_description
FN:100,MoleculeFamily::add_molecule
FN:127,MoleculeFamily::remove_molecule
FN:149,MoleculeFamily::verify_integrity
FN:156,MoleculeFamily::molecules
FN:161,MoleculeFamily::len
FN:166,MoleculeFamily::is_empty
FN:171,MoleculeFamily::contains
FN:176,MoleculeFamily::family_hash
FN:181,MoleculeFamily::is_frozen
FN:186,MoleculeFamily::id
FN:191,MoleculeFamily::name
FN:196,MoleculeFamily::description
FN:201,MoleculeFamily::provenance
FN:206,MoleculeFamily::is_equivalent
FN:216,<impl IntoIterator for &'aMoleculeFamily>::into_iter
FN:226,<impl IntoIterator for MoleculeFamily>::into_iter
FN:233,<impl Display for MoleculeFamily>::fmt
FN:244,<impl PartialEq for MoleculeFamily>::eq
FNF:22
FNDA:1,MoleculeFamily::new
FNDA:1,MoleculeFamily::calculate_family_hash
FNDA:0,MoleculeFamily::with_name
FNDA:0,MoleculeFamily::with_description
FNDA:0,MoleculeFamily::add_molecule
FNDA:0,MoleculeFamily::remove_molecule
FNDA:1,MoleculeFamily::verify_integrity
FNDA:1,MoleculeFamily::molecules
FNDA:0,MoleculeFamily::len
FNDA:0,MoleculeFamily::is_empty
FNDA:0,MoleculeFamily::contains
FNDA:1,MoleculeFamily::family_hash
FNDA:0,MoleculeFamily::is_frozen
FNDA:0,MoleculeFamily::id
FNDA:0,MoleculeFamily::name
FNDA:0,MoleculeFamily::description
FNDA:0,MoleculeFamily::provenance
FNDA:0,MoleculeFamily::is_equivalent
FNDA:0,<impl IntoIterator for &'aMoleculeFamily>::into_iter
FNDA:0,<impl IntoIterator for MoleculeFamily>::into_iter
FNDA:0,<impl Display for MoleculeFamily>::fmt
FNDA:0,<impl PartialEq for MoleculeFamily>::eq
DA:41,1
DA:44,2
DA:46,2
DA:47,2
DA:50,3
DA:51,5
DA:52,5
DA:53,1
DA:57,3
DA:58,2
DA:59,3
DA:60,1
DA:61,3
DA:62,1
DA:64,3
DA:68,1
DA:69,3
DA:72,4
DA:73,1
DA:76,3
DA:80,0
DA:81,0
DA:82,0
DA:84,0
DA:88,0
DA:89,0
DA:90,0
DA:92,0
DA:100,0
DA:102,0
DA:103,0
DA:107,0
DA:108,0
DA:111,0
DA:113,0
DA:114,0
DA:115,0
DA:116,0
DA:117,0
DA:119,0
DA:127,0
DA:129,0
DA:132,0
DA:133,0
DA:137,0
DA:139,0
DA:140,0
DA:141,0
DA:142,0
DA:143,0
DA:145,0
DA:149,1
DA:150,1
DA:151,1
DA:156,1
DA:157,1
DA:161,0
DA:162,0
DA:166,0
DA:167,0
DA:171,0
DA:172,0
DA:176,1
DA:177,2
DA:181,0
DA:182,0
DA:186,0
DA:187,0
DA:191,0
DA:192,0
DA:196,0
DA:197,0
DA:201,0
DA:202,0
DA:206,0
DA:207,0
DA:216,0
DA:217,0
DA:226,0
DA:227,0
DA:233,0
DA:234,0
DA:237,0
DA:238,0
DA:244,0
DA:245,0
LF:86
LH:27
end_of_record
TN:
SF:/workspace/crates/chem-persistence/src/lib.rs
FN:96,DieselFlowRepository::new
FNF:1
FNDA:0,DieselFlowRepository::new
DA:96,0
DA:97,0
DA:98,0
DA:99,0
DA:101,0
DA:104,0
DA:107,0
DA:108,0
DA:109,0
DA:110,0
DA:111,0
DA:112,0
DA:113,0
DA:117,0
DA:121,0
DA:122,0
DA:125,0
DA:126,0
DA:128,0
DA:129,0
DA:130,0
DA:161,0
DA:162,0
DA:163,0
DA:164,0
DA:165,0
DA:213,0
DA:214,0
DA:218,0
DA:220,0
DA:221,0
DA:222,0
DA:223,0
DA:224,0
DA:225,0
DA:226,0
DA:227,0
DA:228,0
DA:229,0
DA:230,0
DA:231,0
DA:232,0
DA:235,0
DA:236,0
DA:238,0
DA:239,0
DA:240,0
DA:241,0
DA:242,0
DA:243,0
DA:244,0
DA:245,0
DA:246,0
DA:247,0
DA:248,0
DA:249,0
DA:250,0
DA:253,0
DA:254,0
DA:255,0
DA:256,0
DA:257,0
DA:258,0
DA:259,0
DA:260,0
DA:261,0
DA:262,0
DA:263,0
DA:265,0
DA:268,0
DA:269,0
DA:270,0
DA:271,0
DA:272,0
DA:273,0
DA:283,0
DA:284,0
DA:287,0
DA:289,0
DA:292,0
DA:293,0
DA:294,0
DA:295,0
DA:296,0
DA:298,0
DA:299,0
DA:300,0
DA:301,0
DA:303,0
DA:304,0
DA:305,0
DA:309,0
DA:310,0
DA:311,0
DA:312,0
DA:313,0
DA:314,0
DA:315,0
DA:316,0
DA:317,0
DA:318,0
DA:319,0
DA:320,0
DA:321,0
DA:322,0
DA:323,0
DA:324,0
DA:326,0
DA:328,0
DA:331,0
DA:333,0
DA:334,0
DA:335,0
DA:336,0
DA:337,0
DA:339,0
DA:340,0
DA:341,0
DA:342,0
DA:343,0
DA:344,0
DA:345,0
DA:346,0
DA:347,0
DA:349,0
DA:353,0
DA:355,0
DA:356,0
DA:357,0
DA:358,0
DA:359,0
DA:361,0
DA:362,0
DA:363,0
DA:364,0
DA:365,0
DA:366,0
DA:367,0
DA:368,0
DA:371,0
DA:378,0
DA:379,0
DA:380,0
DA:381,0
DA:382,0
DA:384,0
DA:385,0
DA:387,0
DA:388,0
DA:389,0
DA:390,0
DA:393,0
DA:400,0
DA:401,0
DA:402,0
DA:403,0
DA:404,0
DA:406,0
DA:407,0
DA:408,0
DA:409,0
DA:411,0
DA:412,0
DA:413,0
DA:419,0
DA:420,0
DA:421,0
DA:422,0
DA:423,0
DA:425,0
DA:427,0
DA:428,0
DA:429,0
DA:430,0
DA:433,0
DA:434,0
DA:435,0
DA:436,0
DA:437,0
DA:438,0
DA:439,0
DA:440,0
DA:441,0
DA:442,0
DA:446,0
DA:447,0
DA:448,0
DA:449,0
DA:450,0
DA:451,0
DA:452,0
DA:453,0
DA:455,0
DA:457,0
DA:460,0
DA:461,0
DA:462,0
DA:463,0
DA:464,0
DA:467,0
DA:469,0
DA:470,0
DA:471,0
DA:472,0
DA:473,0
DA:475,0
DA:476,0
DA:479,0
DA:482,0
DA:483,0
DA:485,0
DA:486,0
DA:488,0
DA:489,0
DA:490,0
DA:491,0
DA:492,0
DA:493,0
DA:494,0
DA:495,0
DA:496,0
DA:497,0
DA:498,0
DA:501,0
DA:502,0
DA:503,0
DA:504,0
DA:505,0
DA:506,0
DA:507,0
DA:510,0
DA:512,0
DA:513,0
DA:514,0
DA:515,0
DA:516,0
DA:517,0
DA:520,0
DA:523,0
DA:524,0
DA:525,0
DA:526,0
DA:528,0
DA:530,0
DA:535,0
DA:536,0
DA:537,0
DA:540,0
DA:541,0
DA:542,0
DA:544,0
DA:545,0
DA:547,0
DA:548,0
DA:550,0
DA:551,0
DA:556,0
DA:557,0
DA:559,0
DA:560,0
DA:564,0
DA:565,0
DA:567,0
DA:568,0
DA:570,0
DA:571,0
LF:266
LH:0
end_of_record
TN:
SF:/workspace/crates/chem-persistence/src/schema.rs
FNF:0
DA:6,0
DA:8,0
DA:9,0
DA:10,0
DA:11,0
DA:12,0
DA:13,0
DA:14,0
DA:15,0
DA:16,0
DA:17,0
DA:21,0
DA:23,0
DA:24,0
DA:25,0
DA:26,0
DA:27,0
DA:28,0
DA:29,0
DA:30,0
DA:34,0
DA:36,0
DA:37,0
DA:38,0
DA:39,0
DA:40,0
DA:41,0
LF:27
LH:0
end_of_record
TN:
SF:/workspace/crates/chem-providers/src/core.rs
FN:9,init_python
FN:19,get_module
FN:44,get_molecule
FNF:3
FNDA:2,init_python
FNDA:2,get_module
FNDA:6,get_molecule
DA:9,2
DA:10,4
DA:11,2
DA:12,4
DA:14,4
DA:15,2
DA:19,2
DA:20,6
DA:21,0
DA:44,6
DA:45,8
DA:46,2
DA:47,4
DA:48,2
DA:49,2
DA:50,2
DA:51,2
DA:52,0
DA:55,2
LF:19
LH:17
end_of_record
TN:
SF:/workspace/crates/chem-providers/src/lib.rs
FN:20,ChemEngine::init
FN:24,ChemEngine::get_molecule
FNF:2
FNDA:1,ChemEngine::init
FNDA:5,ChemEngine::get_molecule
DA:20,1
DA:21,1
DA:22,1
DA:24,5
DA:25,5
DA:26,5
LF:6
LH:6
end_of_record
TN:
SF:/workspace/crates/flow/src/engine.rs
FN:56,FlowEngine<R>::new
FN:68,FlowEngine<R>::rehydrate
FN:112,FlowEngine<R>::append
FN:138,FlowEngine<R>::start_flow
FN:144,FlowEngine<R>::claim_work
FN:149,FlowEngine<R>::branch_exists
FN:154,FlowEngine<R>::count_steps
FN:159,FlowEngine<R>::delete_branch
FN:164,FlowEngine<R>::delete_from_step
FN:170,FlowEngine<R>::get_items
FN:175,FlowEngine<R>::save_snapshot
FN:183,FlowEngine<R>::new_branch
FN:194,FlowEngine<R>::persist_data
FNF:13
FNDA:4,FlowEngine<R>::new
FNDA:1,FlowEngine<R>::rehydrate
FNDA:3,FlowEngine<R>::append
FNDA:4,FlowEngine<R>::start_flow
FNDA:0,FlowEngine<R>::claim_work
FNDA:1,FlowEngine<R>::branch_exists
FNDA:1,FlowEngine<R>::count_steps
FNDA:1,FlowEngine<R>::delete_branch
FNDA:1,FlowEngine<R>::delete_from_step
FNDA:2,FlowEngine<R>::get_items
FNDA:1,FlowEngine<R>::save_snapshot
FNDA:1,FlowEngine<R>::new_branch
FNDA:4,FlowEngine<R>::persist_data
DA:56,4
DA:58,0
DA:59,8
DA:60,4
DA:61,0
DA:68,1
DA:73,1
DA:74,2
DA:76,1
DA:77,2
DA:79,0
DA:81,0
DA:82,0
DA:85,2
DA:87,1
DA:88,2
DA:89,1
DA:91,1
DA:112,3
DA:121,6
DA:122,4
DA:124,8
DA:127,4
DA:131,4
DA:133,4
DA:138,4
DA:139,8
DA:144,0
DA:145,0
DA:149,1
DA:150,1
DA:154,1
DA:155,1
DA:159,1
DA:160,1
DA:164,1
DA:165,1
DA:170,2
DA:171,2
DA:175,1
DA:176,2
DA:183,1
DA:190,2
DA:194,4
DA:195,4
LF:45
LH:38
end_of_record
TN:
SF:/workspace/crates/flow/src/stubs.rs
FN:34,InMemoryWorkerPool::new
FN:42,InMemoryWorkerPool::enqueue
FN:47,InMemoryWorkerPool::claim
FN:53,<impl Default for InMemoryWorkerPool>::default
FN:68,GateService::new
FN:76,GateService::open_gate
FN:87,GateService::close_gate
FN:95,GateService::is_open
FN:105,<impl Default for GateService>::default
FN:122,InMemoryFlowRepository::new
FN:133,InMemoryFlowRepository::lock
FN:139,<impl Default for InMemoryFlowRepository>::default
FN:148,<impl FlowRepository for InMemoryFlowRepository>::get_flow_meta
FN:160,<impl FlowRepository for InMemoryFlowRepository>::create_flow
FN:181,<impl FlowRepository for InMemoryFlowRepository>::load_latest_snapshot
FN:194,<impl FlowRepository for InMemoryFlowRepository>::load_snapshot
FN:206,<impl FlowRepository for InMemoryFlowRepository>::read_data
FN:227,<impl FlowRepository for InMemoryFlowRepository>::persist_data
FN:265,<impl FlowRepository for InMemoryFlowRepository>::save_snapshot
FN:286,<impl FlowRepository for InMemoryFlowRepository>::create_branch
FN:370,<impl FlowRepository for InMemoryFlowRepository>::lock_for_update
FN:382,<impl FlowRepository for InMemoryFlowRepository>::claim_work
FN:387,<impl FlowRepository for InMemoryFlowRepository>::dump_tables_for_debug
FN:403,<impl FlowRepository for InMemoryFlowRepository>::branch_exists
FN:409,<impl FlowRepository for InMemoryFlowRepository>::get_flow_status
FN:415,<impl FlowRepository for InMemoryFlowRepository>::set_flow_status
FN:427,<impl FlowRepository for InMemoryFlowRepository>::count_steps
FN:444,<impl FlowRepository for InMemoryFlowRepository>::list_flow_ids
FN:456,<impl FlowRepository for InMemoryFlowRepository>::delete_branch
FN:498,<impl FlowRepository for InMemoryFlowRepository>::delete_from_step
FN:539,<impl SnapshotStore for InMemoryFlowRepository>::save
FN:543,<impl SnapshotStore for InMemoryFlowRepository>::load
FN:550,<impl ArtifactStore for InMemoryFlowRepository>::put
FN:554,<impl ArtifactStore for InMemoryFlowRepository>::get
FN:559,<impl ArtifactStore for InMemoryFlowRepository>::copy_if_needed
FNF:35
FNDA:1,InMemoryWorkerPool::new
FNDA:1,InMemoryWorkerPool::enqueue
FNDA:1,InMemoryWorkerPool::claim
FNDA:0,<impl Default for InMemoryWorkerPool>::default
FNDA:1,GateService::new
FNDA:1,GateService::open_gate
FNDA:1,GateService::close_gate
FNDA:1,GateService::is_open
FNDA:0,<impl Default for GateService>::default
FNDA:8,InMemoryFlowRepository::new
FNDA:14,InMemoryFlowRepository::lock
FNDA:0,<impl Default for InMemoryFlowRepository>::default
FNDA:3,<impl FlowRepository for InMemoryFlowRepository>::get_flow_meta
FNDA:7,<impl FlowRepository for InMemoryFlowRepository>::create_flow
FNDA:1,<impl FlowRepository for InMemoryFlowRepository>::load_latest_snapshot
FNDA:0,<impl FlowRepository for InMemoryFlowRepository>::load_snapshot
FNDA:3,<impl FlowRepository for InMemoryFlowRepository>::read_data
FNDA:7,<impl FlowRepository for InMemoryFlowRepository>::persist_data
FNDA:1,<impl FlowRepository for InMemoryFlowRepository>::save_snapshot
FNDA:4,<impl FlowRepository for InMemoryFlowRepository>::create_branch
FNDA:0,<impl FlowRepository for InMemoryFlowRepository>::lock_for_update
FNDA:0,<impl FlowRepository for InMemoryFlowRepository>::claim_work
FNDA:0,<impl FlowRepository for InMemoryFlowRepository>::dump_tables_for_debug
FNDA:3,<impl FlowRepository for InMemoryFlowRepository>::branch_exists
FNDA:0,<impl FlowRepository for InMemoryFlowRepository>::get_flow_status
FNDA:0,<impl FlowRepository for InMemoryFlowRepository>::set_flow_status
FNDA:2,<impl FlowRepository for InMemoryFlowRepository>::count_steps
FNDA:0,<impl FlowRepository for InMemoryFlowRepository>::list_flow_ids
FNDA:2,<impl FlowRepository for InMemoryFlowRepository>::delete_branch
FNDA:2,<impl FlowRepository for InMemoryFlowRepository>::delete_from_step
FNDA:1,<impl SnapshotStore for InMemoryFlowRepository>::save
FNDA:1,<impl SnapshotStore for InMemoryFlowRepository>::load
FNDA:1,<impl ArtifactStore for InMemoryFlowRepository>::put
FNDA:1,<impl ArtifactStore for InMemoryFlowRepository>::get
FNDA:1,<impl ArtifactStore for InMemoryFlowRepository>::copy_if_needed
DA:34,1
DA:35,1
DA:42,1
DA:43,2
DA:47,1
DA:48,2
DA:53,0
DA:54,0
DA:68,1
DA:69,1
DA:76,1
DA:77,1
DA:79,1
DA:80,0
DA:87,1
DA:88,1
DA:90,1
DA:91,0
DA:95,1
DA:96,2
DA:97,1
DA:98,1
DA:99,1
DA:100,1
DA:105,0
DA:106,0
DA:122,8
DA:123,16
DA:124,16
DA:125,8
DA:133,14
DA:134,14
DA:139,0
DA:140,0
DA:148,3
DA:149,3
DA:150,11
DA:152,8
DA:160,7
DA:162,7
DA:167,7
DA:173,14
DA:174,7
DA:181,1
DA:183,1
DA:184,3
DA:185,3
DA:186,3
DA:187,1
DA:194,0
DA:195,0
DA:196,0
DA:198,0
DA:199,0
DA:206,3
DA:207,3
DA:208,9
DA:209,3
DA:210,3
DA:211,3
DA:212,9
DA:213,3
DA:227,7
DA:228,7
DA:229,13
DA:230,14
DA:232,7
DA:233,1
DA:237,8
DA:238,2
DA:239,3
DA:241,1
DA:247,6
DA:248,0
DA:253,12
DA:254,7
DA:255,7
DA:256,7
DA:258,7
DA:265,1
DA:266,1
DA:268,1
DA:270,1
DA:272,1
DA:273,2
DA:274,1
DA:286,4
DA:293,3
DA:297,4
DA:298,8
DA:301,7
DA:302,3
DA:303,2
DA:304,3
DA:305,2
DA:306,3
DA:308,8
DA:309,2
DA:311,6
DA:312,1
DA:314,5
DA:315,0
DA:317,2
DA:320,0
DA:321,0
DA:323,0
DA:326,0
DA:327,0
DA:332,8
DA:335,4
DA:336,5
DA:337,2
DA:338,9
DA:339,5
DA:340,5
DA:341,2
DA:342,2
DA:345,5
DA:346,2
DA:349,0
DA:354,4
DA:356,3
DA:357,2
DA:358,7
DA:359,7
DA:361,2
DA:363,5
DA:365,2
DA:370,0
DA:372,0
DA:373,0
DA:374,0
DA:376,0
DA:382,0
DA:383,0
DA:387,0
DA:388,0
DA:389,0
DA:391,0
DA:392,0
DA:393,0
DA:394,0
DA:395,0
DA:396,0
DA:399,0
DA:403,3
DA:404,3
DA:405,4
DA:409,0
DA:410,0
DA:411,0
DA:415,0
DA:416,0
DA:417,0
DA:418,0
DA:419,0
DA:420,0
DA:427,2
DA:428,2
DA:429,4
DA:430,1
DA:435,8
DA:436,2
DA:437,6
DA:438,10
DA:440,2
DA:444,0
DA:445,0
DA:446,0
DA:456,2
DA:459,2
DA:460,4
DA:461,0
DA:466,2
DA:467,4
DA:468,4
DA:470,5
DA:471,2
DA:472,2
DA:473,5
DA:474,0
DA:479,2
DA:480,4
DA:481,4
DA:482,2
DA:483,2
DA:488,2
DA:498,2
DA:500,2
DA:501,8
DA:503,4
DA:504,2
DA:507,2
DA:508,4
DA:509,8
DA:511,2
DA:514,2
DA:515,4
DA:516,4
DA:517,3
DA:518,1
DA:519,1
DA:520,1
DA:521,1
DA:527,2
DA:529,2
DA:531,2
DA:534,2
DA:539,1
DA:540,1
DA:543,1
DA:544,1
DA:550,1
DA:551,1
DA:554,1
DA:555,1
DA:559,1
DA:560,1
LF:218
LH:166
end_of_record
TN:
SF:/workspace/src/main.rs
FN:1,main
FNF:1
FNDA:1,main
DA:1,1
DA:2,0
LF:2
LH:1
end_of_record
