TN:
SF:/workspace/crates/chem-domain/src/errors.rs
FN:26,<impl From for DomainError>::from
FNF:1
FNDA:0,<impl From for DomainError>::from
DA:19,0
DA:20,0
DA:26,0
DA:27,0
LF:4
LH:0
end_of_record
TN:
SF:/workspace/crates/chem-domain/src/family_property.rs
FN:44,FamilyProperty<'a,ValueType,TypeMeta>::new
FN:85,FamilyProperty<'a,ValueType,TypeMeta>::id
FN:90,FamilyProperty<'a,ValueType,TypeMeta>::family_id
FN:99,FamilyProperty<'a,ValueType,TypeMeta>::quick_new
FN:103,FamilyProperty<'a,ValueType,TypeMeta>::family
FN:108,FamilyProperty<'a,ValueType,TypeMeta>::property_type
FN:113,FamilyProperty<'a,ValueType,TypeMeta>::value
FN:118,FamilyProperty<'a,ValueType,TypeMeta>::quality
FN:123,FamilyProperty<'a,ValueType,TypeMeta>::preferred
FN:128,FamilyProperty<'a,ValueType,TypeMeta>::metadata
FN:133,FamilyProperty<'a,ValueType,TypeMeta>::value_hash
FN:138,FamilyProperty<'a,ValueType,TypeMeta>::with_quality
FN:148,FamilyProperty<'a,ValueType,TypeMeta>::with_metadata
FN:158,FamilyProperty<'a,ValueType,TypeMeta>::with_preferred
FN:168,FamilyProperty<'a,ValueType,TypeMeta>::is_equivalent
FN:173,FamilyProperty<'a,ValueType,TypeMeta>::verify_integrity
FN:196,<impl Display for FamilyProperty<'a,ValueType,TypeMeta>>::fmt
FN:208,<impl PartialEq for FamilyProperty<'a,ValueType,TypeMeta>>::eq
FNF:18
FNDA:3,FamilyProperty<'a,ValueType,TypeMeta>::new
FNDA:0,FamilyProperty<'a,ValueType,TypeMeta>::id
FNDA:0,FamilyProperty<'a,ValueType,TypeMeta>::family_id
FNDA:0,FamilyProperty<'a,ValueType,TypeMeta>::quick_new
FNDA:0,FamilyProperty<'a,ValueType,TypeMeta>::family
FNDA:1,FamilyProperty<'a,ValueType,TypeMeta>::property_type
FNDA:1,FamilyProperty<'a,ValueType,TypeMeta>::value
FNDA:0,FamilyProperty<'a,ValueType,TypeMeta>::quality
FNDA:0,FamilyProperty<'a,ValueType,TypeMeta>::preferred
FNDA:0,FamilyProperty<'a,ValueType,TypeMeta>::metadata
FNDA:0,FamilyProperty<'a,ValueType,TypeMeta>::value_hash
FNDA:0,FamilyProperty<'a,ValueType,TypeMeta>::with_quality
FNDA:0,FamilyProperty<'a,ValueType,TypeMeta>::with_metadata
FNDA:0,FamilyProperty<'a,ValueType,TypeMeta>::with_preferred
FNDA:1,FamilyProperty<'a,ValueType,TypeMeta>::is_equivalent
FNDA:1,FamilyProperty<'a,ValueType,TypeMeta>::verify_integrity
FNDA:0,<impl Display for FamilyProperty<'a,ValueType,TypeMeta>>::fmt
FNDA:1,<impl PartialEq for FamilyProperty<'a,ValueType,TypeMeta>>::eq
DA:44,3
DA:52,6
DA:53,2
DA:57,2
DA:60,2
DA:61,2
DA:64,2
DA:65,4
DA:68,2
DA:69,4
DA:72,2
DA:74,4
DA:75,0
DA:76,2
DA:77,2
DA:78,2
DA:79,0
DA:80,2
DA:81,2
DA:85,0
DA:86,0
DA:90,0
DA:91,0
DA:99,0
DA:103,0
DA:104,0
DA:108,1
DA:109,1
DA:113,1
DA:114,1
DA:118,0
DA:119,0
DA:123,0
DA:124,0
DA:128,0
DA:129,0
DA:133,0
DA:134,0
DA:138,0
DA:139,0
DA:140,0
DA:141,0
DA:142,0
DA:143,0
DA:144,0
DA:148,0
DA:149,0
DA:150,0
DA:151,0
DA:152,0
DA:153,0
DA:154,0
DA:158,0
DA:159,0
DA:160,0
DA:161,0
DA:162,0
DA:163,0
DA:164,0
DA:168,1
DA:169,1
DA:173,1
DA:174,1
DA:175,1
DA:176,1
DA:178,1
DA:179,2
DA:181,1
DA:182,0
DA:183,2
DA:185,1
DA:187,2
DA:196,0
DA:197,0
DA:199,0
DA:208,1
DA:209,1
LF:77
LH:35
end_of_record
TN:
SF:/workspace/crates/chem-domain/src/molecular_property.rs
FN:35,MolecularProperty<'a,TypeValue,TypeMetaData>::new
FN:72,MolecularProperty<'a,TypeValue,TypeMetaData>::value_hash
FN:77,MolecularProperty<'a,TypeValue,TypeMetaData>::id
FN:82,MolecularProperty<'a,TypeValue,TypeMetaData>::molecule
FN:87,MolecularProperty<'a,TypeValue,TypeMetaData>::property_type
FN:92,MolecularProperty<'a,TypeValue,TypeMetaData>::value
FN:97,MolecularProperty<'a,TypeValue,TypeMetaData>::quality
FN:102,MolecularProperty<'a,TypeValue,TypeMetaData>::preferred
FN:107,MolecularProperty<'a,TypeValue,TypeMetaData>::metadata
FN:112,MolecularProperty<'a,TypeValue,TypeMetaData>::with_quality
FN:122,MolecularProperty<'a,TypeValue,TypeMetaData>::with_metadata
FN:132,MolecularProperty<'a,TypeValue,TypeMetaData>::with_preferred
FN:142,MolecularProperty<'a,TypeValue,TypeMetaData>::is_equivalent
FN:146,MolecularProperty<'a,TypeValue,TypeMetaData>::verify_integrity
FN:173,<impl Display for MolecularProperty<'a,TypeValue,TypeMetaData>>::fmt
FN:185,<impl PartialEq for MolecularProperty<'a,TypeValue,TypeMetaData>>::eq
FNF:16
FNDA:0,MolecularProperty<'a,TypeValue,TypeMetaData>::new
FNDA:0,MolecularProperty<'a,TypeValue,TypeMetaData>::value_hash
FNDA:0,MolecularProperty<'a,TypeValue,TypeMetaData>::id
FNDA:0,MolecularProperty<'a,TypeValue,TypeMetaData>::molecule
FNDA:0,MolecularProperty<'a,TypeValue,TypeMetaData>::property_type
FNDA:0,MolecularProperty<'a,TypeValue,TypeMetaData>::value
FNDA:0,MolecularProperty<'a,TypeValue,TypeMetaData>::quality
FNDA:0,MolecularProperty<'a,TypeValue,TypeMetaData>::preferred
FNDA:0,MolecularProperty<'a,TypeValue,TypeMetaData>::metadata
FNDA:0,MolecularProperty<'a,TypeValue,TypeMetaData>::with_quality
FNDA:0,MolecularProperty<'a,TypeValue,TypeMetaData>::with_metadata
FNDA:0,MolecularProperty<'a,TypeValue,TypeMetaData>::with_preferred
FNDA:0,MolecularProperty<'a,TypeValue,TypeMetaData>::is_equivalent
FNDA:0,MolecularProperty<'a,TypeValue,TypeMetaData>::verify_integrity
FNDA:0,<impl Display for MolecularProperty<'a,TypeValue,TypeMetaData>>::fmt
FNDA:0,<impl PartialEq for MolecularProperty<'a,TypeValue,TypeMetaData>>::eq
DA:35,0
DA:36,0
DA:40,0
DA:43,0
DA:44,0
DA:47,0
DA:48,0
DA:49,0
DA:51,0
DA:54,0
DA:55,0
DA:56,0
DA:58,0
DA:60,0
DA:61,0
DA:62,0
DA:63,0
DA:64,0
DA:65,0
DA:66,0
DA:67,0
DA:68,0
DA:72,0
DA:73,0
DA:77,0
DA:78,0
DA:82,0
DA:83,0
DA:87,0
DA:88,0
DA:92,0
DA:93,0
DA:97,0
DA:98,0
DA:102,0
DA:103,0
DA:107,0
DA:108,0
DA:112,0
DA:113,0
DA:114,0
DA:115,0
DA:116,0
DA:117,0
DA:118,0
DA:122,0
DA:123,0
DA:124,0
DA:125,0
DA:126,0
DA:127,0
DA:128,0
DA:132,0
DA:133,0
DA:134,0
DA:135,0
DA:136,0
DA:137,0
DA:138,0
DA:142,0
DA:143,0
DA:146,0
DA:147,0
DA:148,0
DA:149,0
DA:150,0
DA:151,0
DA:152,0
DA:154,0
DA:156,0
DA:157,0
DA:158,0
DA:159,0
DA:161,0
DA:163,0
DA:165,0
DA:173,0
DA:174,0
DA:176,0
DA:185,0
DA:186,0
LF:81
LH:0
end_of_record
TN:
SF:/workspace/crates/chem-domain/src/molecule.rs
FN:25,Molecule::new
FN:72,Molecule::from_parts
FN:76,Molecule::from_smiles
FN:101,Molecule::smiles
FN:106,Molecule::inchikey
FN:111,Molecule::inchi
FN:116,Molecule::metadata
FN:121,Molecule::is_same
FN:128,<impl Display for Molecule>::fmt
FNF:9
FNDA:5,Molecule::new
FNDA:0,Molecule::from_parts
FNDA:1,Molecule::from_smiles
FNDA:0,Molecule::smiles
FNDA:3,Molecule::inchikey
FNDA:0,Molecule::inchi
FNDA:0,Molecule::metadata
FNDA:0,Molecule::is_same
FNDA:0,<impl Display for Molecule>::fmt
DA:10,1
DA:11,1
DA:25,5
DA:27,10
DA:30,10
DA:31,0
DA:35,10
DA:36,0
DA:40,10
DA:41,10
DA:42,0
DA:46,20
DA:47,15
DA:48,15
DA:50,0
DA:54,10
DA:55,0
DA:59,10
DA:60,0
DA:63,10
DA:64,5
DA:65,5
DA:66,0
DA:72,0
DA:73,0
DA:76,1
DA:78,4
DA:79,0
DA:82,6
DA:83,5
DA:86,6
DA:87,4
DA:90,9
DA:91,1
DA:92,4
DA:93,5
DA:96,5
DA:101,0
DA:102,0
DA:106,3
DA:107,2
DA:111,0
DA:112,0
DA:116,0
DA:117,0
DA:121,0
DA:122,0
DA:128,0
DA:129,0
LF:49
LH:29
end_of_record
TN:
SF:/workspace/crates/chem-domain/src/molecule_family.rs
FN:34,MoleculeFamily::new
FN:61,MoleculeFamily::calculate_family_hash
FN:73,MoleculeFamily::with_name
FN:81,MoleculeFamily::with_description
FN:93,MoleculeFamily::add_molecule
FN:120,MoleculeFamily::remove_molecule
FN:142,MoleculeFamily::verify_integrity
FN:149,MoleculeFamily::molecules
FN:154,MoleculeFamily::len
FN:159,MoleculeFamily::is_empty
FN:164,MoleculeFamily::contains
FN:169,MoleculeFamily::family_hash
FN:174,MoleculeFamily::is_frozen
FN:179,MoleculeFamily::id
FN:184,MoleculeFamily::name
FN:189,MoleculeFamily::description
FN:194,MoleculeFamily::provenance
FN:199,MoleculeFamily::is_equivalent
FN:209,<impl IntoIterator for &'aMoleculeFamily>::into_iter
FN:219,<impl IntoIterator for MoleculeFamily>::into_iter
FN:226,<impl Display for MoleculeFamily>::fmt
FN:237,<impl PartialEq for MoleculeFamily>::eq
FNF:22
FNDA:1,MoleculeFamily::new
FNDA:3,MoleculeFamily::calculate_family_hash
FNDA:0,MoleculeFamily::with_name
FNDA:0,MoleculeFamily::with_description
FNDA:0,MoleculeFamily::add_molecule
FNDA:0,MoleculeFamily::remove_molecule
FNDA:1,MoleculeFamily::verify_integrity
FNDA:1,MoleculeFamily::molecules
FNDA:0,MoleculeFamily::len
FNDA:0,MoleculeFamily::is_empty
FNDA:0,MoleculeFamily::contains
FNDA:2,MoleculeFamily::family_hash
FNDA:0,MoleculeFamily::is_frozen
FNDA:0,MoleculeFamily::id
FNDA:0,MoleculeFamily::name
FNDA:0,MoleculeFamily::description
FNDA:0,MoleculeFamily::provenance
FNDA:0,MoleculeFamily::is_equivalent
FNDA:0,<impl IntoIterator for &'aMoleculeFamily>::into_iter
FNDA:0,<impl IntoIterator for MoleculeFamily>::into_iter
FNDA:0,<impl Display for MoleculeFamily>::fmt
FNDA:0,<impl PartialEq for MoleculeFamily>::eq
DA:34,1
DA:37,2
DA:39,2
DA:40,2
DA:43,5
DA:44,5
DA:45,5
DA:46,1
DA:50,1
DA:51,6
DA:52,1
DA:53,3
DA:54,1
DA:55,3
DA:57,1
DA:61,3
DA:62,1
DA:65,4
DA:66,3
DA:69,1
DA:73,0
DA:74,0
DA:75,0
DA:77,0
DA:81,0
DA:82,0
DA:83,0
DA:85,0
DA:93,0
DA:95,0
DA:96,0
DA:100,0
DA:101,0
DA:104,0
DA:106,0
DA:107,0
DA:108,0
DA:109,0
DA:110,0
DA:112,0
DA:120,0
DA:122,0
DA:125,0
DA:126,0
DA:130,0
DA:132,0
DA:133,0
DA:134,0
DA:135,0
DA:136,0
DA:138,0
DA:142,1
DA:143,1
DA:144,1
DA:149,1
DA:150,1
DA:154,0
DA:155,0
DA:159,0
DA:160,0
DA:164,0
DA:165,0
DA:169,2
DA:170,1
DA:174,0
DA:175,0
DA:179,0
DA:180,0
DA:184,0
DA:185,0
DA:189,0
DA:190,0
DA:194,0
DA:195,0
DA:199,0
DA:200,0
DA:209,0
DA:210,0
DA:219,0
DA:220,0
DA:226,0
DA:227,0
DA:230,0
DA:231,0
DA:237,0
DA:238,0
LF:86
LH:27
end_of_record
TN:
SF:/workspace/crates/chem-persistence/src/lib.rs
FN:52,DieselFlowRepository::dump_tables_for_debug
FN:113,DieselFlowRepository::new
FN:152,DieselFlowRepository::conn
FN:156,DieselFlowRepository::conn_raw
FNF:4
FNDA:0,DieselFlowRepository::dump_tables_for_debug
FNDA:0,DieselFlowRepository::new
FNDA:0,DieselFlowRepository::conn
FNDA:0,DieselFlowRepository::conn_raw
DA:52,0
DA:53,0
DA:55,0
DA:56,0
DA:57,0
DA:58,0
DA:61,0
DA:62,0
DA:63,0
DA:64,0
DA:66,0
DA:113,0
DA:114,0
DA:115,0
DA:116,0
DA:119,0
DA:122,0
DA:123,0
DA:124,0
DA:125,0
DA:126,0
DA:130,0
DA:134,0
DA:135,0
DA:138,0
DA:139,0
DA:141,0
DA:142,0
DA:143,0
DA:152,0
DA:153,0
DA:156,0
DA:157,0
DA:164,0
DA:165,0
DA:166,0
DA:167,0
DA:168,0
DA:170,0
DA:176,0
DA:177,0
DA:178,0
DA:179,0
DA:180,0
DA:206,0
DA:207,0
DA:208,0
DA:209,0
DA:210,0
DA:211,0
DA:212,0
DA:213,0
DA:216,0
DA:219,0
DA:220,0
DA:221,0
DA:222,0
DA:226,0
DA:227,0
DA:231,0
DA:233,0
DA:234,0
DA:235,0
DA:236,0
DA:237,0
DA:238,0
DA:239,0
DA:240,0
DA:241,0
DA:242,0
DA:243,0
DA:244,0
DA:245,0
DA:246,0
DA:250,0
DA:251,0
DA:252,0
DA:253,0
DA:254,0
DA:255,0
DA:256,0
DA:257,0
DA:260,0
DA:262,0
DA:265,0
DA:266,0
DA:267,0
DA:268,0
DA:269,0
DA:271,0
DA:272,0
DA:273,0
DA:274,0
DA:276,0
DA:277,0
DA:278,0
DA:282,0
DA:283,0
DA:284,0
DA:285,0
DA:286,0
DA:287,0
DA:288,0
DA:289,0
DA:290,0
DA:292,0
DA:295,0
DA:297,0
DA:298,0
DA:299,0
DA:300,0
DA:302,0
DA:303,0
DA:304,0
DA:305,0
DA:306,0
DA:307,0
DA:309,0
DA:311,0
DA:315,0
DA:317,0
DA:318,0
DA:319,0
DA:321,0
DA:322,0
DA:323,0
DA:326,0
DA:328,0
DA:329,0
DA:330,0
DA:331,0
DA:332,0
DA:333,0
DA:336,0
DA:337,0
DA:338,0
DA:339,0
DA:340,0
DA:341,0
DA:343,0
DA:344,0
DA:346,0
DA:352,0
DA:353,0
DA:354,0
DA:357,0
DA:358,0
DA:359,0
DA:363,0
DA:364,0
DA:365,0
DA:367,0
DA:369,0
DA:372,0
DA:373,0
DA:374,0
DA:375,0
DA:376,0
DA:379,0
DA:380,0
DA:381,0
DA:382,0
DA:383,0
DA:386,0
DA:387,0
DA:388,0
DA:389,0
DA:391,0
DA:393,0
DA:398,0
DA:399,0
DA:400,0
DA:403,0
DA:404,0
DA:405,0
DA:407,0
DA:408,0
DA:409,0
DA:412,0
DA:413,0
LF:180
LH:0
end_of_record
TN:
SF:/workspace/crates/chem-persistence/src/schema.rs
FNF:0
DA:6,0
DA:8,0
DA:9,0
DA:10,0
DA:11,0
DA:12,0
DA:13,0
DA:14,0
DA:15,0
DA:16,0
DA:17,0
DA:21,0
DA:23,0
DA:24,0
DA:25,0
DA:26,0
DA:27,0
DA:28,0
DA:29,0
DA:30,0
DA:34,0
DA:36,0
DA:37,0
DA:38,0
DA:39,0
DA:40,0
DA:41,0
LF:27
LH:0
end_of_record
TN:
SF:/workspace/crates/chem-providers/src/core.rs
FN:9,init_python
FN:19,get_module
FN:37,get_molecule
FNF:3
FNDA:2,init_python
FNDA:2,get_module
FNDA:6,get_molecule
DA:9,2
DA:10,4
DA:11,2
DA:12,4
DA:14,4
DA:15,2
DA:19,2
DA:20,6
DA:21,0
DA:37,6
DA:38,8
DA:39,2
DA:40,4
DA:41,2
DA:42,2
DA:43,2
DA:44,2
DA:45,0
DA:47,2
LF:19
LH:17
end_of_record
TN:
SF:/workspace/crates/chem-providers/src/lib.rs
FN:19,ChemEngine::init
FN:23,ChemEngine::get_molecule
FNF:2
FNDA:1,ChemEngine::init
FNDA:5,ChemEngine::get_molecule
DA:19,1
DA:20,1
DA:21,1
DA:23,5
DA:24,5
DA:25,5
LF:6
LH:6
end_of_record
TN:
SF:/workspace/crates/flow/src/engine.rs
FN:46,FlowEngine<R>::new
FN:58,FlowEngine<R>::rehydrate
FN:100,FlowEngine<R>::append
FN:117,FlowEngine<R>::start_flow
FN:123,FlowEngine<R>::claim_work
FN:128,FlowEngine<R>::branch_exists
FN:133,FlowEngine<R>::count_steps
FN:138,FlowEngine<R>::delete_branch
FN:143,FlowEngine<R>::delete_from_step
FN:149,FlowEngine<R>::get_items
FN:154,FlowEngine<R>::save_snapshot
FN:169,FlowEngine<R>::new_branch
FN:173,FlowEngine<R>::persist_data
FNF:13
FNDA:0,FlowEngine<R>::new
FNDA:0,FlowEngine<R>::rehydrate
FNDA:0,FlowEngine<R>::append
FNDA:0,FlowEngine<R>::start_flow
FNDA:0,FlowEngine<R>::claim_work
FNDA:0,FlowEngine<R>::branch_exists
FNDA:0,FlowEngine<R>::count_steps
FNDA:0,FlowEngine<R>::delete_branch
FNDA:0,FlowEngine<R>::delete_from_step
FNDA:0,FlowEngine<R>::get_items
FNDA:0,FlowEngine<R>::save_snapshot
FNDA:0,FlowEngine<R>::new_branch
FNDA:0,FlowEngine<R>::persist_data
DA:46,0
DA:48,0
DA:49,0
DA:50,0
DA:51,0
DA:58,0
DA:63,0
DA:64,0
DA:66,0
DA:67,0
DA:69,0
DA:71,0
DA:72,0
DA:75,0
DA:77,0
DA:78,0
DA:79,0
DA:81,0
DA:100,0
DA:101,0
DA:103,0
DA:106,0
DA:110,0
DA:112,0
DA:117,0
DA:118,0
DA:123,0
DA:124,0
DA:128,0
DA:129,0
DA:133,0
DA:134,0
DA:138,0
DA:139,0
DA:143,0
DA:144,0
DA:149,0
DA:150,0
DA:154,0
DA:155,0
DA:169,0
DA:173,0
DA:174,0
LF:43
LH:0
end_of_record
TN:
SF:/workspace/crates/flow/src/stubs.rs
FN:34,InMemoryWorkerPool::new
FN:42,InMemoryWorkerPool::enqueue
FN:47,InMemoryWorkerPool::claim
FN:62,GateService::new
FN:70,GateService::open_gate
FN:81,GateService::close_gate
FN:89,GateService::is_open
FN:110,InMemoryFlowRepository::new
FN:121,InMemoryFlowRepository::lock
FN:127,<impl Default for InMemoryFlowRepository>::default
FN:136,<impl FlowRepository for InMemoryFlowRepository>::get_flow_meta
FN:148,<impl FlowRepository for InMemoryFlowRepository>::create_flow
FN:169,<impl FlowRepository for InMemoryFlowRepository>::load_latest_snapshot
FN:182,<impl FlowRepository for InMemoryFlowRepository>::load_snapshot
FN:194,<impl FlowRepository for InMemoryFlowRepository>::read_data
FN:215,<impl FlowRepository for InMemoryFlowRepository>::persist_data
FN:253,<impl FlowRepository for InMemoryFlowRepository>::save_snapshot
FN:274,<impl FlowRepository for InMemoryFlowRepository>::create_branch
FN:358,<impl FlowRepository for InMemoryFlowRepository>::lock_for_update
FN:370,<impl FlowRepository for InMemoryFlowRepository>::claim_work
FN:375,<impl FlowRepository for InMemoryFlowRepository>::branch_exists
FN:384,<impl FlowRepository for InMemoryFlowRepository>::count_steps
FN:407,<impl FlowRepository for InMemoryFlowRepository>::delete_branch
FN:449,<impl FlowRepository for InMemoryFlowRepository>::delete_from_step
FN:490,<impl SnapshotStore for InMemoryFlowRepository>::save
FN:494,<impl SnapshotStore for InMemoryFlowRepository>::load
FN:501,<impl ArtifactStore for InMemoryFlowRepository>::put
FN:505,<impl ArtifactStore for InMemoryFlowRepository>::get
FN:510,<impl ArtifactStore for InMemoryFlowRepository>::copy_if_needed
FNF:29
FNDA:0,InMemoryWorkerPool::new
FNDA:0,InMemoryWorkerPool::enqueue
FNDA:0,InMemoryWorkerPool::claim
FNDA:0,GateService::new
FNDA:0,GateService::open_gate
FNDA:0,GateService::close_gate
FNDA:0,GateService::is_open
FNDA:1,InMemoryFlowRepository::new
FNDA:5,InMemoryFlowRepository::lock
FNDA:0,<impl Default for InMemoryFlowRepository>::default
FNDA:0,<impl FlowRepository for InMemoryFlowRepository>::get_flow_meta
FNDA:3,<impl FlowRepository for InMemoryFlowRepository>::create_flow
FNDA:0,<impl FlowRepository for InMemoryFlowRepository>::load_latest_snapshot
FNDA:0,<impl FlowRepository for InMemoryFlowRepository>::load_snapshot
FNDA:1,<impl FlowRepository for InMemoryFlowRepository>::read_data
FNDA:3,<impl FlowRepository for InMemoryFlowRepository>::persist_data
FNDA:0,<impl FlowRepository for InMemoryFlowRepository>::save_snapshot
FNDA:3,<impl FlowRepository for InMemoryFlowRepository>::create_branch
FNDA:0,<impl FlowRepository for InMemoryFlowRepository>::lock_for_update
FNDA:0,<impl FlowRepository for InMemoryFlowRepository>::claim_work
FNDA:3,<impl FlowRepository for InMemoryFlowRepository>::branch_exists
FNDA:1,<impl FlowRepository for InMemoryFlowRepository>::count_steps
FNDA:1,<impl FlowRepository for InMemoryFlowRepository>::delete_branch
FNDA:1,<impl FlowRepository for InMemoryFlowRepository>::delete_from_step
FNDA:0,<impl SnapshotStore for InMemoryFlowRepository>::save
FNDA:0,<impl SnapshotStore for InMemoryFlowRepository>::load
FNDA:0,<impl ArtifactStore for InMemoryFlowRepository>::put
FNDA:0,<impl ArtifactStore for InMemoryFlowRepository>::get
FNDA:0,<impl ArtifactStore for InMemoryFlowRepository>::copy_if_needed
DA:34,0
DA:35,0
DA:42,0
DA:43,0
DA:47,0
DA:48,0
DA:62,0
DA:63,0
DA:70,0
DA:71,0
DA:73,0
DA:74,0
DA:81,0
DA:82,0
DA:84,0
DA:85,0
DA:89,0
DA:90,0
DA:91,0
DA:92,0
DA:93,0
DA:94,0
DA:110,1
DA:111,2
DA:112,4
DA:113,3
DA:121,5
DA:122,5
DA:127,0
DA:128,0
DA:136,0
DA:137,0
DA:138,0
DA:140,0
DA:148,3
DA:150,3
DA:155,3
DA:161,6
DA:162,3
DA:169,0
DA:171,0
DA:172,0
DA:173,0
DA:174,0
DA:175,0
DA:182,0
DA:183,0
DA:184,0
DA:186,0
DA:187,0
DA:194,1
DA:195,1
DA:196,3
DA:197,1
DA:198,1
DA:199,1
DA:200,3
DA:201,1
DA:215,3
DA:216,3
DA:217,5
DA:218,6
DA:220,3
DA:221,0
DA:225,3
DA:226,0
DA:227,0
DA:229,0
DA:235,3
DA:236,0
DA:241,6
DA:242,3
DA:243,3
DA:244,3
DA:246,3
DA:253,0
DA:254,0
DA:256,0
DA:258,0
DA:260,0
DA:261,0
DA:262,0
DA:274,3
DA:281,3
DA:285,3
DA:286,6
DA:289,6
DA:290,3
DA:291,3
DA:292,3
DA:293,3
DA:294,3
DA:296,9
DA:297,3
DA:299,6
DA:300,0
DA:302,6
DA:303,0
DA:305,3
DA:308,0
DA:309,0
DA:311,0
DA:314,0
DA:315,0
DA:320,6
DA:323,3
DA:324,6
DA:325,3
DA:326,9
DA:327,6
DA:328,6
DA:329,3
DA:330,3
DA:333,6
DA:334,3
DA:337,0
DA:342,6
DA:344,3
DA:345,3
DA:346,6
DA:347,6
DA:349,3
DA:351,6
DA:353,3
DA:358,0
DA:360,0
DA:361,0
DA:362,0
DA:364,0
DA:370,0
DA:371,0
DA:375,3
DA:376,3
DA:377,6
DA:384,1
DA:385,1
DA:386,2
DA:387,1
DA:392,4
DA:393,1
DA:394,3
DA:395,5
DA:397,1
DA:407,1
DA:410,1
DA:411,2
DA:412,0
DA:417,1
DA:418,2
DA:419,2
DA:421,2
DA:422,1
DA:423,2
DA:424,4
DA:425,0
DA:430,2
DA:431,3
DA:432,2
DA:433,1
DA:434,1
DA:439,1
DA:449,1
DA:451,1
DA:452,4
DA:454,2
DA:455,1
DA:458,1
DA:459,2
DA:460,4
DA:462,1
DA:465,1
DA:466,2
DA:467,2
DA:468,2
DA:469,1
DA:470,1
DA:471,1
DA:472,1
DA:478,1
DA:480,1
DA:482,2
DA:485,1
DA:490,0
DA:491,0
DA:494,0
DA:495,0
DA:501,0
DA:502,0
DA:505,0
DA:506,0
DA:510,0
DA:511,0
LF:192
LH:114
end_of_record
TN:
SF:/workspace/src/main.rs
FN:10,main
FN:44,prompt
FN:52,print_flows_table
FN:67,create_flow_interactive
FN:79,create_branch_interactive
FN:106,delete_flow_interactive
FN:119,create_step_interactive
FN:147,view_flow_full
FN:165,print_flow_map
FNF:9
FNDA:0,main
FNDA:0,prompt
FNDA:0,print_flows_table
FNDA:0,create_flow_interactive
FNDA:0,create_branch_interactive
FNDA:0,delete_flow_interactive
FNDA:0,create_step_interactive
FNDA:0,view_flow_full
FNDA:0,print_flow_map
DA:10,0
DA:11,0
DA:14,0
DA:15,0
DA:16,0
DA:17,0
DA:18,0
DA:19,0
DA:20,0
DA:21,0
DA:22,0
DA:23,0
DA:24,0
DA:26,0
DA:27,0
DA:28,0
DA:29,0
DA:30,0
DA:31,0
DA:32,0
DA:33,0
DA:34,0
DA:35,0
DA:36,0
DA:37,0
DA:41,0
DA:44,0
DA:45,0
DA:46,0
DA:47,0
DA:48,0
DA:49,0
DA:52,0
DA:53,0
DA:54,0
DA:55,0
DA:56,0
DA:57,0
DA:58,0
DA:59,0
DA:60,0
DA:63,0
DA:67,0
DA:68,0
DA:69,0
DA:70,0
DA:71,0
DA:72,0
DA:73,0
DA:74,0
DA:76,0
DA:79,0
DA:80,0
DA:81,0
DA:82,0
DA:83,0
DA:84,0
DA:85,0
DA:86,0
DA:87,0
DA:89,0
DA:90,0
DA:91,0
DA:92,0
DA:93,0
DA:94,0
DA:95,0
DA:96,0
DA:97,0
DA:98,0
DA:99,0
DA:100,0
DA:101,0
DA:103,0
DA:106,0
DA:107,0
DA:108,0
DA:109,0
DA:110,0
DA:111,0
DA:112,0
DA:113,0
DA:115,0
DA:116,0
DA:119,0
DA:121,0
DA:122,0
DA:123,0
DA:124,0
DA:125,0
DA:126,0
DA:127,0
DA:128,0
DA:130,0
DA:131,0
DA:132,0
DA:133,0
DA:134,0
DA:135,0
DA:136,0
DA:137,0
DA:138,0
DA:139,0
DA:140,0
DA:141,0
DA:142,0
DA:144,0
DA:147,0
DA:149,0
DA:150,0
DA:151,0
DA:152,0
DA:153,0
DA:154,0
DA:155,0
DA:156,0
DA:157,0
DA:158,0
DA:159,0
DA:160,0
DA:161,0
DA:162,0
DA:165,0
DA:166,0
DA:167,0
DA:168,0
DA:169,0
DA:170,0
DA:172,0
LF:129
LH:0
end_of_record
